#
# There is insufficient memory for the Java Runtime Environment to continue.
# Native memory allocation (malloc) failed to allocate 759296 bytes for Chunk::new
# Possible reasons:
#   The system is out of physical RAM or swap space
#   The process is running with CompressedOops enabled, and the Java Heap may be blocking the growth of the native heap
# Possible solutions:
#   Reduce memory load on the system
#   Increase physical memory or swap space
#   Check if swap backing store is full
#   Decrease Java heap size (-Xmx/-Xms)
#   Decrease number of Java threads
#   Decrease Java thread stack sizes (-Xss)
#   Set larger code cache with -XX:ReservedCodeCacheSize=
#   JVM is running with Unscaled Compressed Oops mode in which the Java heap is
#     placed in the first 4GB address space. The Java Heap base address is the
#     maximum limit for the native heap growth. Please use -XX:HeapBaseMinAddress
#     to set the Java Heap base and to place the Java Heap above 4GB virtual address.
# This output file may be truncated or incomplete.
#
#  Out of Memory Error (allocation.cpp:389), pid=30572, tid=0x000000000000401c
#
# JRE version: OpenJDK Runtime Environment (8.0_212-b04) (build 1.8.0_212-release-1586-b04)
# Java VM: OpenJDK 64-Bit Server VM (25.212-b04 mixed mode windows-amd64 compressed oops)
# Failed to write core dump. Minidumps are not enabled by default on client versions of Windows
#

---------------  T H R E A D  ---------------

Current thread (0x0000000018a63000):  JavaThread "C2 CompilerThread2" daemon [_thread_in_native, id=16412, stack(0x0000000019450000,0x0000000019550000)]

Stack: [0x0000000019450000,0x0000000019550000]
[error occurred during error reporting (printing stack bounds), id 0xc0000005]

Native frames: (J=compiled Java code, j=interpreted, Vv=VM code, C=native code)


Current CompileTask:
C2:   7607 2466       4       java.net.URLClassLoader$1::run (5 bytes)


---------------  P R O C E S S  ---------------

Java Threads: ( => current thread )
  0x000000001a160800 JavaThread "Cache worker for file hash cache (C:\Users\USER\AndroidStudioProjects\MyApplication\.gradle\5.6.4\fileHashes)" [_thread_blocked, id=17152, stack(0x000000001e4a0000,0x000000001e5a0000)]
  0x000000001a15b000 JavaThread "Cache worker for journal cache (C:\Users\USER\.gradle\caches\journal-1)" [_thread_blocked, id=24332, stack(0x000000001d3d0000,0x000000001d4d0000)]
  0x000000001a162000 JavaThread "File lock request listener" [_thread_in_native, id=28800, stack(0x000000001d2d0000,0x000000001d3d0000)]
  0x000000001a15d800 JavaThread "Cache worker for file hash cache (C:\Users\USER\.gradle\caches\5.6.4\fileHashes)" [_thread_blocked, id=10388, stack(0x000000001d1d0000,0x000000001d2d0000)]
  0x000000001b2a0800 JavaThread "Thread-9" [_thread_blocked, id=3748, stack(0x000000001ced0000,0x000000001cfd0000)]
  0x000000001b297000 JavaThread "Stdin handler" [_thread_blocked, id=33036, stack(0x000000001cdd0000,0x000000001ced0000)]
  0x000000001b292800 JavaThread "Asynchronous log dispatcher for DefaultDaemonConnection: socket connection from /127.0.0.1:54756 to /127.0.0.1:54757" [_thread_blocked, id=28180, stack(0x000000001cbd0000,0x000000001ccd0000)]
  0x000000001b32d800 JavaThread "Daemon worker" [_thread_in_native, id=17168, stack(0x000000001cad0000,0x000000001cbd0000)]
  0x000000001b32d000 JavaThread "Cancel handler" [_thread_blocked, id=11000, stack(0x000000001c9d0000,0x000000001cad0000)]
  0x000000001b266800 JavaThread "Handler for socket connection from /127.0.0.1:54756 to /127.0.0.1:54757" [_thread_in_native, id=11824, stack(0x000000001c6d0000,0x000000001c7d0000)]
  0x000000001b263800 JavaThread "Daemon" [_thread_blocked, id=7816, stack(0x000000001c5d0000,0x000000001c6d0000)]
  0x000000001b1f5800 JavaThread "Daemon periodic checks" [_thread_blocked, id=28604, stack(0x000000001c4d0000,0x000000001c5d0000)]
  0x000000001b1f3800 JavaThread "Incoming local TCP Connector on port 54756" [_thread_in_native, id=33396, stack(0x000000001c2f0000,0x000000001c3f0000)]
  0x0000000019908800 JavaThread "Daemon health stats" [_thread_blocked, id=25700, stack(0x000000001bff0000,0x000000001c0f0000)]
  0x0000000018aa8000 JavaThread "Service Thread" daemon [_thread_blocked, id=30312, stack(0x0000000019650000,0x0000000019750000)]
  0x0000000018a67000 JavaThread "C1 CompilerThread3" daemon [_thread_blocked, id=26540, stack(0x0000000019550000,0x0000000019650000)]
=>0x0000000018a63000 JavaThread "C2 CompilerThread2" daemon [_thread_in_native, id=16412, stack(0x0000000019450000,0x0000000019550000)]
  0x0000000018a52800 JavaThread "C2 CompilerThread1" daemon [_thread_in_native, id=13464, stack(0x0000000019350000,0x0000000019450000)]
  0x0000000016bfb800 JavaThread "C2 CompilerThread0" daemon [_thread_in_native, id=32804, stack(0x0000000019250000,0x0000000019350000)]
  0x0000000018a50000 JavaThread "Attach Listener" daemon [_thread_blocked, id=27220, stack(0x0000000019150000,0x0000000019250000)]
  0x00000000189e6800 JavaThread "Signal Dispatcher" daemon [_thread_blocked, id=7592, stack(0x0000000019050000,0x0000000019150000)]
  0x0000000002e2e800 JavaThread "Finalizer" daemon [_thread_blocked, id=1072, stack(0x0000000018ec0000,0x0000000018fc0000)]
  0x0000000002e25000 JavaThread "Reference Handler" daemon [_thread_blocked, id=33292, stack(0x0000000018dc0000,0x0000000018ec0000)]
  0x0000000002d32800 JavaThread "main" [_thread_blocked, id=27148, stack(0x0000000002c30000,0x0000000002d30000)]

Other Threads:
  0x0000000016be8800 VMThread [stack: 0x00000000188c0000,0x00000000189c0000] [id=8116]
  0x0000000018aa9000 WatcherThread [stack: 0x0000000019750000,0x0000000019850000] [id=22748]

VM state:not at safepoint (normal execution)

VM Mutex/Monitor currently owned by a thread: None

heap address: 0x00000000a0000000, size: 1536 MB, Compressed Oops mode: 32-bit
Narrow klass base: 0x0000000000000000, Narrow klass shift: 3
Compressed class space size: 1073741824 Address: 0x0000000100000000

Heap:
 PSYoungGen      total 37888K, used 16277K [0x00000000e0000000, 0x00000000e3500000, 0x0000000100000000)
  eden space 32768K, 40% used [0x00000000e0000000,0x00000000e0d03b48,0x00000000e2000000)
  from space 5120K, 57% used [0x00000000e2080000,0x00000000e2361bc0,0x00000000e2580000)
  to   space 10752K, 0% used [0x00000000e2a80000,0x00000000e2a80000,0x00000000e3500000)
 ParOldGen       total 61440K, used 12522K [0x00000000a0000000, 0x00000000a3c00000, 0x00000000e0000000)
  object space 61440K, 20% used [0x00000000a0000000,0x00000000a0c3a808,0x00000000a3c00000)
 Metaspace       used 30563K, capacity 31192K, committed 31616K, reserved 1081344K
  class space    used 4147K, capacity 4371K, committed 4480K, reserved 1048576K

Card table byte_map: [0x00000000121f0000,0x0000000012500000] byte_map_base: 0x0000000011cf0000

Marking Bits: (ParMarkBitMap*) 0x0000000068d49f30
 Begin Bits: [0x0000000012f00000, 0x0000000014700000)
 End Bits:   [0x0000000014700000, 0x0000000015f00000)

Polling page: 0x0000000000b50000

CodeCache: size=245760Kb used=9331Kb max_used=9372Kb free=236428Kb
 bounds [0x0000000002e30000, 0x0000000003770000, 0x0000000011e30000]
 total_blobs=3113 nmethods=2432 adapters=594
 compilation: enabled

Compilation events (10 events):
Event: 7.525 Thread 0x0000000018a67000 nmethod 2464 0x0000000002f6ec10 code [0x0000000002f6eda0, 0x0000000002f6f268]
Event: 7.525 Thread 0x0000000018a67000 2462       3       java.util.concurrent.ConcurrentLinkedQueue::poll (85 bytes)
Event: 7.526 Thread 0x0000000018a67000 nmethod 2462 0x000000000375ab90 code [0x000000000375ad60, 0x000000000375b6d0]
Event: 7.526 Thread 0x0000000016bfb800 nmethod 2463 0x000000000374ef10 code [0x000000000374f060, 0x000000000374f1d8]
Event: 7.526 Thread 0x0000000018a67000 2465       3       java.lang.Class::copyConstructors (38 bytes)
Event: 7.527 Thread 0x0000000018a67000 nmethod 2465 0x0000000003759990 code [0x0000000003759ba0, 0x000000000375a668]
Event: 7.546 Thread 0x0000000018a63000 2466       4       java.net.URLClassLoader$1::run (5 bytes)
Event: 7.547 Thread 0x0000000016bfb800 2467   !   4       java.net.URLClassLoader$1::run (63 bytes)
Event: 7.575 Thread 0x0000000018a67000 2468       1       java.util.TreeMap$Entry::getKey (5 bytes)
Event: 7.576 Thread 0x0000000018a67000 nmethod 2468 0x0000000002f65f10 code [0x0000000002f66060, 0x0000000002f66170]

GC Heap History (10 events):
Event: 6.214 GC heap before
{Heap before GC invocations=7 (full 1):
 PSYoungGen      total 43520K, used 8704K [0x00000000e0000000, 0x00000000e3500000, 0x0000000100000000)
  eden space 32768K, 0% used [0x00000000e0000000,0x00000000e0000000,0x00000000e2000000)
  from space 10752K, 80% used [0x00000000e2a80000,0x00000000e33000d0,0x00000000e3500000)
  to   space 5120K, 0% used [0x00000000e2080000,0x00000000e2080000,0x00000000e2580000)
 ParOldGen       total 87552K, used 8439K [0x00000000a0000000, 0x00000000a5580000, 0x00000000e0000000)
  object space 87552K, 9% used [0x00000000a0000000,0x00000000a083dfc8,0x00000000a5580000)
 Metaspace       used 20714K, capacity 21214K, committed 21296K, reserved 1067008K
  class space    used 2988K, capacity 3165K, committed 3200K, reserved 1048576K
Event: 6.267 GC heap after
Heap after GC invocations=7 (full 1):
 PSYoungGen      total 43520K, used 0K [0x00000000e0000000, 0x00000000e3500000, 0x0000000100000000)
  eden space 32768K, 0% used [0x00000000e0000000,0x00000000e0000000,0x00000000e2000000)
  from space 10752K, 0% used [0x00000000e2a80000,0x00000000e2a80000,0x00000000e3500000)
  to   space 5120K, 0% used [0x00000000e2080000,0x00000000e2080000,0x00000000e2580000)
 ParOldGen       total 61440K, used 9593K [0x00000000a0000000, 0x00000000a3c00000, 0x00000000e0000000)
  object space 61440K, 15% used [0x00000000a0000000,0x00000000a095e478,0x00000000a3c00000)
 Metaspace       used 20714K, capacity 21214K, committed 21296K, reserved 1067008K
  class space    used 2988K, capacity 3165K, committed 3200K, reserved 1048576K
}
Event: 6.813 GC heap before
{Heap before GC invocations=8 (full 1):
 PSYoungGen      total 43520K, used 32768K [0x00000000e0000000, 0x00000000e3500000, 0x0000000100000000)
  eden space 32768K, 100% used [0x00000000e0000000,0x00000000e2000000,0x00000000e2000000)
  from space 10752K, 0% used [0x00000000e2a80000,0x00000000e2a80000,0x00000000e3500000)
  to   space 5120K, 0% used [0x00000000e2080000,0x00000000e2080000,0x00000000e2580000)
 ParOldGen       total 61440K, used 9593K [0x00000000a0000000, 0x00000000a3c00000, 0x00000000e0000000)
  object space 61440K, 15% used [0x00000000a0000000,0x00000000a095e478,0x00000000a3c00000)
 Metaspace       used 26344K, capacity 26940K, committed 27136K, reserved 1073152K
  class space    used 3547K, capacity 3747K, committed 3840K, reserved 1048576K
Event: 6.817 GC heap after
Heap after GC invocations=8 (full 1):
 PSYoungGen      total 37888K, used 4989K [0x00000000e0000000, 0x00000000e3500000, 0x0000000100000000)
  eden space 32768K, 0% used [0x00000000e0000000,0x00000000e0000000,0x00000000e2000000)
  from space 5120K, 97% used [0x00000000e2080000,0x00000000e255f7b8,0x00000000e2580000)
  to   space 10752K, 0% used [0x00000000e2a80000,0x00000000e2a80000,0x00000000e3500000)
 ParOldGen       total 61440K, used 9601K [0x00000000a0000000, 0x00000000a3c00000, 0x00000000e0000000)
  object space 61440K, 15% used [0x00000000a0000000,0x00000000a0960478,0x00000000a3c00000)
 Metaspace       used 26344K, capacity 26940K, committed 27136K, reserved 1073152K
  class space    used 3547K, capacity 3747K, committed 3840K, reserved 1048576K
}
Event: 7.121 GC heap before
{Heap before GC invocations=9 (full 1):
 PSYoungGen      total 37888K, used 27453K [0x00000000e0000000, 0x00000000e3500000, 0x0000000100000000)
  eden space 32768K, 68% used [0x00000000e0000000,0x00000000e15effb8,0x00000000e2000000)
  from space 5120K, 97% used [0x00000000e2080000,0x00000000e255f7b8,0x00000000e2580000)
  to   space 10752K, 0% used [0x00000000e2a80000,0x00000000e2a80000,0x00000000e3500000)
 ParOldGen       total 61440K, used 9601K [0x00000000a0000000, 0x00000000a3c00000, 0x00000000e0000000)
  object space 61440K, 15% used [0x00000000a0000000,0x00000000a0960478,0x00000000a3c00000)
 Metaspace       used 28136K, capacity 28756K, committed 28928K, reserved 1079296K
  class space    used 3849K, capacity 4071K, committed 4096K, reserved 1048576K
Event: 7.126 GC heap after
Heap after GC invocations=9 (full 1):
 PSYoungGen      total 43520K, used 5452K [0x00000000e0000000, 0x00000000e3500000, 0x0000000100000000)
  eden space 32768K, 0% used [0x00000000e0000000,0x00000000e0000000,0x00000000e2000000)
  from space 10752K, 50% used [0x00000000e2a80000,0x00000000e2fd31f0,0x00000000e3500000)
  to   space 5120K, 0% used [0x00000000e2080000,0x00000000e2080000,0x00000000e2580000)
 ParOldGen       total 61440K, used 9609K [0x00000000a0000000, 0x00000000a3c00000, 0x00000000e0000000)
  object space 61440K, 15% used [0x00000000a0000000,0x00000000a0962478,0x00000000a3c00000)
 Metaspace       used 28136K, capacity 28756K, committed 28928K, reserved 1079296K
  class space    used 3849K, capacity 4071K, committed 4096K, reserved 1048576K
}
Event: 7.126 GC heap before
{Heap before GC invocations=10 (full 2):
 PSYoungGen      total 43520K, used 5452K [0x00000000e0000000, 0x00000000e3500000, 0x0000000100000000)
  eden space 32768K, 0% used [0x00000000e0000000,0x00000000e0000000,0x00000000e2000000)
  from space 10752K, 50% used [0x00000000e2a80000,0x00000000e2fd31f0,0x00000000e3500000)
  to   space 5120K, 0% used [0x00000000e2080000,0x00000000e2080000,0x00000000e2580000)
 ParOldGen       total 61440K, used 9609K [0x00000000a0000000, 0x00000000a3c00000, 0x00000000e0000000)
  object space 61440K, 15% used [0x00000000a0000000,0x00000000a0962478,0x00000000a3c00000)
 Metaspace       used 28136K, capacity 28756K, committed 28928K, reserved 1079296K
  class space    used 3849K, capacity 4071K, committed 4096K, reserved 1048576K
Event: 7.155 GC heap after
Heap after GC invocations=10 (full 2):
 PSYoungGen      total 43520K, used 0K [0x00000000e0000000, 0x00000000e3500000, 0x0000000100000000)
  eden space 32768K, 0% used [0x00000000e0000000,0x00000000e0000000,0x00000000e2000000)
  from space 10752K, 0% used [0x00000000e2a80000,0x00000000e2a80000,0x00000000e3500000)
  to   space 5120K, 0% used [0x00000000e2080000,0x00000000e2080000,0x00000000e2580000)
 ParOldGen       total 61440K, used 12522K [0x00000000a0000000, 0x00000000a3c00000, 0x00000000e0000000)
  object space 61440K, 20% used [0x00000000a0000000,0x00000000a0c3a808,0x00000000a3c00000)
 Metaspace       used 28136K, capacity 28756K, committed 28928K, reserved 1077248K
  class space    used 3849K, capacity 4071K, committed 4096K, reserved 1048576K
}
Event: 7.476 GC heap before
{Heap before GC invocations=11 (full 2):
 PSYoungGen      total 43520K, used 32768K [0x00000000e0000000, 0x00000000e3500000, 0x0000000100000000)
  eden space 32768K, 100% used [0x00000000e0000000,0x00000000e2000000,0x00000000e2000000)
  from space 10752K, 0% used [0x00000000e2a80000,0x00000000e2a80000,0x00000000e3500000)
  to   space 5120K, 0% used [0x00000000e2080000,0x00000000e2080000,0x00000000e2580000)
 ParOldGen       total 61440K, used 12522K [0x00000000a0000000, 0x00000000a3c00000, 0x00000000e0000000)
  object space 61440K, 20% used [0x00000000a0000000,0x00000000a0c3a808,0x00000000a3c00000)
 Metaspace       used 29967K, capacity 30614K, committed 30976K, reserved 1079296K
  class space    used 4037K, capacity 4241K, committed 4352K, reserved 1048576K
Event: 7.479 GC heap after
Heap after GC invocations=11 (full 2):
 PSYoungGen      total 37888K, used 2950K [0x00000000e0000000, 0x00000000e3500000, 0x0000000100000000)
  eden space 32768K, 0% used [0x00000000e0000000,0x00000000e0000000,0x00000000e2000000)
  from space 5120K, 57% used [0x00000000e2080000,0x00000000e2361bc0,0x00000000e2580000)
  to   space 10752K, 0% used [0x00000000e2a80000,0x00000000e2a80000,0x00000000e3500000)
 ParOldGen       total 61440K, used 12522K [0x00000000a0000000, 0x00000000a3c00000, 0x00000000e0000000)
  object space 61440K, 20% used [0x00000000a0000000,0x00000000a0c3a808,0x00000000a3c00000)
 Metaspace       used 29967K, capacity 30614K, committed 30976K, reserved 1079296K
  class space    used 4037K, capacity 4241K, committed 4352K, reserved 1048576K
}

Deoptimization events (10 events):
Event: 6.846 Thread 0x000000001b32d800 Uncommon trap: reason=unstable_if action=reinterpret pc=0x0000000003306760 method=java.util.HashMap.hash(Ljava/lang/Object;)I @ 1
Event: 6.855 Thread 0x000000001b32d800 Uncommon trap: reason=unstable_if action=reinterpret pc=0x00000000033a6f28 method=java.util.HashMap.hash(Ljava/lang/Object;)I @ 1
Event: 6.908 Thread 0x000000001b32d800 Uncommon trap: reason=unstable_if action=reinterpret pc=0x00000000030bf9b8 method=java.util.HashMap.getNode(ILjava/lang/Object;)Ljava/util/HashMap$Node; @ 53
Event: 6.908 Thread 0x000000001b32d800 Uncommon trap: reason=unstable_if action=reinterpret pc=0x00000000032c8154 method=java.util.HashMap.hash(Ljava/lang/Object;)I @ 1
Event: 6.954 Thread 0x000000001b32d800 Uncommon trap: reason=unstable_if action=reinterpret pc=0x00000000030fd430 method=java.util.LinkedHashMap.afterNodeInsertion(Z)V @ 1
Event: 7.279 Thread 0x000000001b32d800 Uncommon trap: reason=class_check action=maybe_recompile pc=0x0000000003498848 method=sun.misc.URLClassPath.getLoader(I)Lsun/misc/URLClassPath$Loader; @ 94
Event: 7.279 Thread 0x000000001b32d800 Uncommon trap: reason=unstable_if action=reinterpret pc=0x000000000363bfa4 method=java.lang.String.regionMatches(ZILjava/lang/String;II)Z @ 41
Event: 7.283 Thread 0x000000001b32d800 Uncommon trap: reason=class_check action=maybe_recompile pc=0x0000000003492338 method=sun.misc.URLClassPath.getLoader(I)Lsun/misc/URLClassPath$Loader; @ 239
Event: 7.361 Thread 0x000000001b32d800 Uncommon trap: reason=unstable_if action=reinterpret pc=0x00000000036fdf84 method=org.codehaus.groovy.runtime.metaclass.MetaMethodIndex.addMethodToList(Ljava/lang/Object;Lgroovy/lang/MetaMethod;)Ljava/lang/Object; @ 226
Event: 7.402 Thread 0x000000001b32d800 Uncommon trap: reason=unstable_if action=reinterpret pc=0x00000000030e548c method=java.io.WinNTFileSystem.resolve(Ljava/lang/String;Ljava/lang/String;)Ljava/lang/String; @ 49

Classes redefined (0 events):
No events

Internal exceptions (10 events):
Event: 7.460 Thread 0x000000001b32d800 Exception <a 'java/lang/ClassNotFoundException': org/gradle/api/internal/DefaultNamedDomainObjectCollectionBeanInfo> (0x00000000e1cf57d8) thrown at [D:\src\AOSP-openjdk-cygwin\jdk8u\hotspot\src\share\vm\classfile\systemDictionary.cpp, line 210]
Event: 7.461 Thread 0x000000001b32d800 Exception <a 'java/lang/ClassNotFoundException': org/gradle/api/internal/DefaultDomainObjectCollectionBeanInfo> (0x00000000e1d29840) thrown at [D:\src\AOSP-openjdk-cygwin\jdk8u\hotspot\src\share\vm\classfile\systemDictionary.cpp, line 210]
Event: 7.461 Thread 0x000000001b32d800 Exception <a 'java/lang/ClassNotFoundException': java/util/AbstractCollectionBeanInfo> (0x00000000e1d2df98) thrown at [D:\src\AOSP-openjdk-cygwin\jdk8u\hotspot\src\share\vm\classfile\systemDictionary.cpp, line 210]
Event: 7.461 Thread 0x000000001b32d800 Exception <a 'java/lang/ClassNotFoundException': java/util/AbstractCollectionCustomizer> (0x00000000e1d328a0) thrown at [D:\src\AOSP-openjdk-cygwin\jdk8u\hotspot\src\share\vm\classfile\systemDictionary.cpp, line 210]
Event: 7.463 Thread 0x000000001b32d800 Exception <a 'java/lang/ClassNotFoundException': org/gradle/api/internal/DefaultDomainObjectCollectionCustomizer> (0x00000000e1d71d80) thrown at [D:\src\AOSP-openjdk-cygwin\jdk8u\hotspot\src\share\vm\classfile\systemDictionary.cpp, line 210]
Event: 7.464 Thread 0x000000001b32d800 Exception <a 'java/lang/ClassNotFoundException': org/gradle/api/internal/DefaultNamedDomainObjectCollectionCustomizer> (0x00000000e1dcfba8) thrown at [D:\src\AOSP-openjdk-cygwin\jdk8u\hotspot\src\share\vm\classfile\systemDictionary.cpp, line 210]
Event: 7.467 Thread 0x000000001b32d800 Exception <a 'java/lang/ClassNotFoundException': org/gradle/api/internal/DefaultNamedDomainObjectListCustomizer> (0x00000000e1e44278) thrown at [D:\src\AOSP-openjdk-cygwin\jdk8u\hotspot\src\share\vm\classfile\systemDictionary.cpp, line 210]
Event: 7.469 Thread 0x000000001b32d800 Exception <a 'java/lang/ClassNotFoundException': org/gradle/api/internal/artifacts/DefaultArtifactRepositoryContainerCustomizer> (0x00000000e1eb9bc8) thrown at [D:\src\AOSP-openjdk-cygwin\jdk8u\hotspot\src\share\vm\classfile\systemDictionary.cpp, line 210
Event: 7.471 Thread 0x000000001b32d800 Exception <a 'java/lang/ClassNotFoundException': org/gradle/api/internal/artifacts/dsl/DefaultRepositoryHandlerCustomizer> (0x00000000e1f1f918) thrown at [D:\src\AOSP-openjdk-cygwin\jdk8u\hotspot\src\share\vm\classfile\systemDictionary.cpp, line 210]
Event: 7.472 Thread 0x000000001b32d800 Exception <a 'java/lang/ClassNotFoundException': org/gradle/api/internal/artifacts/dsl/DefaultRepositoryHandler_DecoratedCustomizer> (0x00000000e1f9c160) thrown at [D:\src\AOSP-openjdk-cygwin\jdk8u\hotspot\src\share\vm\classfile\systemDictionary.cpp, line

Events (10 events):
Event: 7.601 loading class org/gradle/api/internal/artifacts/ModuleVersionIdentifierSerializer
Event: 7.601 loading class org/gradle/api/internal/artifacts/ModuleVersionIdentifierSerializer done
Event: 7.602 loading class org/gradle/api/artifacts/ComponentMetadata
Event: 7.602 loading class org/gradle/api/artifacts/ComponentMetadata done
Event: 7.603 loading class org/gradle/internal/resolve/caching/ImplicitInputRecorder
Event: 7.603 loading class org/gradle/internal/resolve/caching/ImplicitInputRecorder done
Event: 7.604 loading class org/gradle/internal/resolve/caching/CrossBuildCachingRuleExecutor$EntryValidator
Event: 7.604 loading class org/gradle/internal/resolve/caching/CrossBuildCachingRuleExecutor$EntryValidator done
Event: 7.605 loading class org/gradle/internal/resolve/caching/ComponentMetadataSupplierRuleExecutor$1
Event: 7.605 loading class org/gradle/internal/resolve/caching/ComponentMetadataSupplierRuleExecutor$1 done


Dynamic libraries:
0x00007ff7ae740000 - 0x00007ff7ae771000 	C:\Program Files\Android\Android Studio\jre\bin\java.exe
0x00007ffc06040000 - 0x00007ffc06230000 	C:\WINDOWS\SYSTEM32\ntdll.dll
0x00007ffc04220000 - 0x00007ffc042d2000 	C:\WINDOWS\System32\KERNEL32.DLL
0x00007ffc032f0000 - 0x00007ffc03593000 	C:\WINDOWS\System32\KERNELBASE.dll
0x00007ffc042f0000 - 0x00007ffc04393000 	C:\WINDOWS\System32\ADVAPI32.dll
0x00007ffc05030000 - 0x00007ffc050ce000 	C:\WINDOWS\System32\msvcrt.dll
0x00007ffc046a0000 - 0x00007ffc04737000 	C:\WINDOWS\System32\sechost.dll
0x00007ffc048e0000 - 0x00007ffc04a00000 	C:\WINDOWS\System32\RPCRT4.dll
0x00007ffc04740000 - 0x00007ffc048d4000 	C:\WINDOWS\System32\USER32.dll
0x00007ffc031f0000 - 0x00007ffc03211000 	C:\WINDOWS\System32\win32u.dll
0x00007ffc04a00000 - 0x00007ffc04a26000 	C:\WINDOWS\System32\GDI32.dll
0x00007ffc02fd0000 - 0x00007ffc03164000 	C:\WINDOWS\System32\gdi32full.dll
0x00007ffc03220000 - 0x00007ffc032be000 	C:\WINDOWS\System32\msvcp_win.dll
0x00007ffc03810000 - 0x00007ffc0390a000 	C:\WINDOWS\System32\ucrtbase.dll
0x00007ffbf58a0000 - 0x00007ffbf5b25000 	C:\WINDOWS\WinSxS\amd64_microsoft.windows.common-controls_6595b64144ccf1df_6.0.18362.720_none_e6beb5c51314836b\COMCTL32.dll
0x00007ffc04b90000 - 0x00007ffc04ec6000 	C:\WINDOWS\System32\combase.dll
0x00007ffc03170000 - 0x00007ffc031f0000 	C:\WINDOWS\System32\bcryptPrimitives.dll
0x00007ffc05140000 - 0x00007ffc0516e000 	C:\WINDOWS\System32\IMM32.DLL
0x0000000069cf0000 - 0x0000000069dc2000 	C:\Program Files\Android\Android Studio\jre\jre\bin\msvcr100.dll
0x0000000068580000 - 0x0000000068dc6000 	C:\Program Files\Android\Android Studio\jre\jre\bin\server\jvm.dll
0x00007ffc052b0000 - 0x00007ffc052b8000 	C:\WINDOWS\System32\PSAPI.DLL
0x00007ffbfcbc0000 - 0x00007ffbfcbe4000 	C:\WINDOWS\SYSTEM32\WINMM.dll
0x00007ffbed150000 - 0x00007ffbed159000 	C:\WINDOWS\SYSTEM32\WSOCK32.dll
0x00007ffbfcec0000 - 0x00007ffbfceca000 	C:\WINDOWS\SYSTEM32\VERSION.dll
0x00007ffbfcb90000 - 0x00007ffbfcbbd000 	C:\WINDOWS\SYSTEM32\WINMMBASE.dll
0x00007ffc03710000 - 0x00007ffc0375a000 	C:\WINDOWS\System32\cfgmgr32.dll
0x00007ffc04a30000 - 0x00007ffc04a9f000 	C:\WINDOWS\System32\WS2_32.dll
0x00007ffbff790000 - 0x00007ffbff79f000 	C:\Program Files\Android\Android Studio\jre\jre\bin\verify.dll
0x00007ffbdceb0000 - 0x00007ffbdced9000 	C:\Program Files\Android\Android Studio\jre\jre\bin\java.dll
0x00007ffbfe410000 - 0x00007ffbfe426000 	C:\Program Files\Android\Android Studio\jre\jre\bin\zip.dll
0x00007ffc05910000 - 0x00007ffc05ff5000 	C:\WINDOWS\System32\SHELL32.dll
0x00007ffc05860000 - 0x00007ffc05909000 	C:\WINDOWS\System32\shcore.dll
0x00007ffc03970000 - 0x00007ffc040f0000 	C:\WINDOWS\System32\windows.storage.dll
0x00007ffc02f50000 - 0x00007ffc02f73000 	C:\WINDOWS\System32\profapi.dll
0x00007ffc02f80000 - 0x00007ffc02fca000 	C:\WINDOWS\System32\powrprof.dll
0x00007ffc02f00000 - 0x00007ffc02f10000 	C:\WINDOWS\System32\UMPDC.dll
0x00007ffc045e0000 - 0x00007ffc04632000 	C:\WINDOWS\System32\shlwapi.dll
0x00007ffc02f30000 - 0x00007ffc02f41000 	C:\WINDOWS\System32\kernel.appcore.dll
0x00007ffc036f0000 - 0x00007ffc03707000 	C:\WINDOWS\System32\cryptsp.dll
0x00007ffbf5220000 - 0x00007ffbf523a000 	C:\Program Files\Android\Android Studio\jre\jre\bin\net.dll
0x00007ffbf00c0000 - 0x00007ffbf0295000 	C:\WINDOWS\SYSTEM32\urlmon.dll
0x00007ffbee5f0000 - 0x00007ffbee896000 	C:\WINDOWS\SYSTEM32\iertutil.dll
0x00007ffc02940000 - 0x00007ffc0294c000 	C:\WINDOWS\SYSTEM32\CRYPTBASE.DLL
0x00007ffc02770000 - 0x00007ffc027d7000 	C:\WINDOWS\system32\mswsock.dll
0x00007ffbf5190000 - 0x00007ffbf51a3000 	C:\Program Files\Android\Android Studio\jre\jre\bin\nio.dll
0x00007ffbdb8b0000 - 0x00007ffbdb8d6000 	C:\Users\USER\.gradle\native\30\windows-amd64\native-platform.dll
0x00007ffbff760000 - 0x00007ffbff76d000 	C:\Program Files\Android\Android Studio\jre\jre\bin\management.dll
0x00007ffc022e0000 - 0x00007ffc02313000 	C:\WINDOWS\system32\rsaenh.dll
0x00007ffc032c0000 - 0x00007ffc032e6000 	C:\WINDOWS\System32\bcrypt.dll
0x00007ffc02e20000 - 0x00007ffc02e45000 	C:\WINDOWS\SYSTEM32\USERENV.dll
0x00007ffc02480000 - 0x00007ffc024ba000 	C:\WINDOWS\SYSTEM32\IPHLPAPI.DLL
0x00007ffc043a0000 - 0x00007ffc043a8000 	C:\WINDOWS\System32\NSI.dll
0x00007ffbfc670000 - 0x00007ffbfc686000 	C:\WINDOWS\SYSTEM32\dhcpcsvc6.DLL
0x00007ffbfcfa0000 - 0x00007ffbfcfbc000 	C:\WINDOWS\SYSTEM32\dhcpcsvc.DLL
0x00007ffc024c0000 - 0x00007ffc0258a000 	C:\WINDOWS\SYSTEM32\DNSAPI.dll

VM Arguments:
jvm_args: -Xmx1536m -Dfile.encoding=x-windows-949 -Duser.country=KR -Duser.language=ko -Duser.variant 
java_command: org.gradle.launcher.daemon.bootstrap.GradleDaemon 5.6.4
java_class_path (initial): C:\Users\USER\.gradle\wrapper\dists\gradle-5.6.4-all\ankdp27end7byghfw1q2sw75f\gradle-5.6.4\lib\gradle-launcher-5.6.4.jar
Launcher Type: SUN_STANDARD

Environment Variables:
JAVA_HOME=D:\Java SDK 10.0.2
PATH=C:\Program Files (x86)\Intel\iCLS Client\;C:\Program Files\Intel\iCLS Client\;C:\Windows\system32;C:\Windows;C:\Windows\System32\Wbem;C:\Windows\System32\WindowsPowerShell\v1.0\;C:\Program Files (x86)\NVIDIA Corporation\PhysX\Common;C:\Program Files (x86)\Intel\Intel(R) Management Engine Components\DAL;C:\Program Files\Intel\Intel(R) Management Engine Components\DAL;C:\Program Files (x86)\Intel\Intel(R) Management Engine Components\IPT;C:\Program Files\Intel\Intel(R) Management Engine Components\IPT;C:\Program Files\Intel\WiFi\bin\;C:\Program Files\Common Files\Intel\WirelessCommon\;C:\WINDOWS\system32;C:\WINDOWS;C:\WINDOWS\System32\Wbem;C:\WINDOWS\System32\WindowsPowerShell\v1.0\;C:\WINDOWS\System32\OpenSSH\;D:\MatLab\bin;D:\Visual Studio Source File\Windows Performance Toolkit\;D:\NodeJs\;C:\Program Files\NVIDIA Corporation\NVIDIA NvDLISR;C:\WINDOWS\system32;C:\WINDOWS;C:\WINDOWS\System32\Wbem;C:\WINDOWS\System32\WindowsPowerShell\v1.0\;C:\WINDOWS\System32\OpenSSH\;D:\Java SDK 10.0.2\bin;D:\Miniconda;D:\Miniconda\Library\mingw-w64\bin;D:\Miniconda\Library\usr\bin;D:\Miniconda\Library\bin;D:\Miniconda\Scripts;C:\Users\USER\AppData\Local\Programs\Python\Python36-32\Scripts\;C:\Users\USER\AppData\Local\Programs\Python\Python36-32\;C:\Users\USER\AppData\Local\Microsoft\WindowsApps;C:\Program Files\Intel\WiFi\bin\;C:\Program Files\Common Files\Intel\WirelessCommon\;D:\Java SDK 10.0.2\bin;C:\Users\USER\AppData\Local\atom\bin;D:\CLion 2018.3.4\bin;;D:\IntelliJ IDEA 2018.3.5\bin;;C:\Users\USER\AppData\Roaming\npm;D:\PyCharm\PyCharm 2019.2.1\bin;;C:\Users\USER\AppData\Local\Microsoft\WindowsApps;;C:\Users\USER\AppData\Local\Programs\Microsoft VS Code\bin;C:\Program Files\Bandizip\
USERNAME=USER
OS=Windows_NT
PROCESSOR_IDENTIFIER=Intel64 Family 6 Model 158 Stepping 9, GenuineIntel



---------------  S Y S T E M  ---------------

OS: Windows 10.0 , 64 bit Build 18362 (10.0.18362.329)

CPU:total 8 (initial active 8) (4 cores per cpu, 2 threads per core) family 6 model 158 stepping 9, cmov, cx8, fxsr, mmx, sse, sse2, sse3, ssse3, sse4.1, sse4.2, popcnt, avx, avx2, aes, clmul, erms, 3dnowpref, lzcnt, ht, tsc, tscinvbit, bmi1, bmi2, adx

Memory: 4k page, physical 8268904k(263672k free), swap 16460904k(4400k free)

vm_info: OpenJDK 64-Bit Server VM (25.212-b04) for windows-amd64 JRE (1.8.0_212-release-1586-b04), built by "builder" with MS VC++ 10.0 (VS2010)

time: Thu Apr 16 17:18:20 2020
timezone: 대한민국 표준시
elapsed time: 7 seconds (0d 0h 0m 7s)

